\BOOKMARK [1][-]{section.1}{1. Basic Ideas from Linear Algebra}{}% 1
\BOOKMARK [1][-]{section.2}{2. Groups}{}% 2
\BOOKMARK [2][-]{subsection.2.1}{2.1. Group and Subgroups}{section.2}% 3
\BOOKMARK [2][-]{subsection.2.2}{2.2. Additive Group of Integers}{section.2}% 4
\BOOKMARK [2][-]{subsection.2.3}{2.3. Cyclic Groups and Subgroups}{section.2}% 5
\BOOKMARK [2][-]{subsection.2.4}{2.4. Homomorphism}{section.2}% 6
\BOOKMARK [2][-]{subsection.2.5}{2.5. Isomorphism and Normal Subgroups}{section.2}% 7
\BOOKMARK [2][-]{subsection.2.6}{2.6. Equivalence Relation and Partitions}{section.2}% 8
\BOOKMARK [2][-]{subsection.2.7}{2.7. Cosets, Congruences, and Modulo Arithmetic}{section.2}% 9
\BOOKMARK [2][-]{subsection.2.8}{2.8. Correspondence Theorem}{section.2}% 10
\BOOKMARK [2][-]{subsection.2.9}{2.9. Quotient Groups}{section.2}% 11
\BOOKMARK [1][-]{section.3}{3. Linear Algebra}{}% 12
\BOOKMARK [1][-]{section.4}{4. Orthogonal Groups}{}% 13
\BOOKMARK [1][-]{section.5}{5. Isometries and Isometry Group}{}% 14
\BOOKMARK [1][-]{section.6}{6. More Group Theory: Abstract Group Actions and Sylow Theorems}{}% 15
\BOOKMARK [2][-]{subsection.6.1}{6.1. The Basics: Group Actions}{section.6}% 16
\BOOKMARK [2][-]{subsection.6.2}{6.2. The Basics: Permutation Representation}{section.6}% 17
\BOOKMARK [2][-]{subsection.6.3}{6.3. Cayley's Theorem}{section.6}% 18
\BOOKMARK [2][-]{subsection.6.4}{6.4. Conjugation and the Class Equation}{section.6}% 19
\BOOKMARK [2][-]{subsection.6.5}{6.5. p-groups, Sylow Theorems}{section.6}% 20
